  main.c
C:\Users\dacco\source\repos\CellZonesEvolutions\CellZonesEvolutions\main.c(48,30): warning C4244: 'funzione': conversione da 'int' a 'float'. Possibile perdita di dati.
C:\Users\dacco\source\repos\CellZonesEvolutions\CellZonesEvolutions\main.c(48,33): warning C4244: 'funzione': conversione da 'int' a 'float'. Possibile perdita di dati.
C:\Users\dacco\source\repos\CellZonesEvolutions\CellZonesEvolutions\main.c(49,31): warning C4244: 'funzione': conversione da 'int' a 'float'. Possibile perdita di dati.
C:\Users\dacco\source\repos\CellZonesEvolutions\CellZonesEvolutions\main.c(49,34): warning C4244: 'funzione': conversione da 'int' a 'float'. Possibile perdita di dati.
C:\Users\dacco\source\repos\CellZonesEvolutions\CellZonesEvolutions\main.c(40,17): warning C4244: 'inizializzazione': conversione da 'float' a 'int'. Possibile perdita di dati.
C:\Users\dacco\source\repos\CellZonesEvolutions\CellZonesEvolutions\main.c(41,17): warning C4244: 'inizializzazione': conversione da 'float' a 'int'. Possibile perdita di dati.
C:\Users\dacco\source\repos\CellZonesEvolutions\CellZonesEvolutions\main.c(85,9): warning C4033: 'instantiate_Terrain' deve restituire un valore
C:\Users\dacco\source\repos\CellZonesEvolutions\CellZonesEvolutions\main.c(91,9): warning C4033: 'instantiate_Terrain' deve restituire un valore
C:\Users\dacco\source\repos\CellZonesEvolutions\CellZonesEvolutions\main.c(96,11): warning C4244: 'funzione': conversione da 'time_t' a 'unsigned int'. Possibile perdita di dati.
C:\Users\dacco\source\repos\CellZonesEvolutions\CellZonesEvolutions\main.c(97,12): warning C4244: '=': conversione da 'double' a 'int'. Possibile perdita di dati.
C:\Users\dacco\source\repos\CellZonesEvolutions\CellZonesEvolutions\main.c(105,58): warning C4305: 'funzione': troncamento da 'double' a 'float'
C:\Users\dacco\source\repos\CellZonesEvolutions\CellZonesEvolutions\main.c(105,80): warning C4244: 'funzione': conversione da 'int' a 'float'. Possibile perdita di dati.
C:\Users\dacco\source\repos\CellZonesEvolutions\CellZonesEvolutions\main.c(105,88): warning C4244: 'funzione': conversione da 'int' a 'float'. Possibile perdita di dati.
C:\Users\dacco\source\repos\CellZonesEvolutions\CellZonesEvolutions\main.c(105,95): warning C4305: 'funzione': troncamento da 'double' a 'float'
C:\Users\dacco\source\repos\CellZonesEvolutions\CellZonesEvolutions\main.c(108,37): warning C4244: 'inizializzazione': conversione da 'int' a 'float'. Possibile perdita di dati.
C:\Users\dacco\source\repos\CellZonesEvolutions\CellZonesEvolutions\main.c(108,39): warning C4244: 'inizializzazione': conversione da 'int' a 'float'. Possibile perdita di dati.
C:\Users\dacco\source\repos\CellZonesEvolutions\CellZonesEvolutions\main.c(176,9): warning C4033: 'instantiate_Terrain' deve restituire un valore
C:\Users\dacco\source\repos\CellZonesEvolutions\CellZonesEvolutions\main.c(102,19): warning C4101: 'color': variabile locale senza riferimenti
C:\Users\dacco\source\repos\CellZonesEvolutions\CellZonesEvolutions\main.c(216,18): warning C4244: '=': conversione da 'int' a 'float'. Possibile perdita di dati.
C:\Users\dacco\source\repos\CellZonesEvolutions\CellZonesEvolutions\main.c(217,18): warning C4244: '=': conversione da 'int' a 'float'. Possibile perdita di dati.
C:\Users\dacco\source\repos\CellZonesEvolutions\CellZonesEvolutions\main.c(296,39): warning C4244: 'funzione': conversione da 'float' a 'int'. Possibile perdita di dati.
C:\Users\dacco\source\repos\CellZonesEvolutions\CellZonesEvolutions\main.c(299,39): warning C4244: 'funzione': conversione da 'float' a 'int'. Possibile perdita di dati.
C:\Users\dacco\source\repos\CellZonesEvolutions\CellZonesEvolutions\main.c(302,30): warning C4244: 'funzione': conversione da 'float' a 'int'. Possibile perdita di dati.
C:\Users\dacco\source\repos\CellZonesEvolutions\CellZonesEvolutions\main.c(305,50): warning C4244: 'funzione': conversione da 'float' a 'int'. Possibile perdita di dati.
C:\Users\dacco\source\repos\CellZonesEvolutions\CellZonesEvolutions\main.c(305,75): warning C4244: 'funzione': conversione da 'float' a 'int'. Possibile perdita di dati.
C:\Users\dacco\source\repos\CellZonesEvolutions\CellZonesEvolutions\main.c(306,50): warning C4244: 'funzione': conversione da 'float' a 'int'. Possibile perdita di dati.
C:\Users\dacco\source\repos\CellZonesEvolutions\CellZonesEvolutions\main.c(306,75): warning C4244: 'funzione': conversione da 'float' a 'int'. Possibile perdita di dati.
C:\Users\dacco\source\repos\CellZonesEvolutions\CellZonesEvolutions\main.c(307,50): warning C4244: 'funzione': conversione da 'float' a 'int'. Possibile perdita di dati.
C:\Users\dacco\source\repos\CellZonesEvolutions\CellZonesEvolutions\main.c(307,77): warning C4244: 'funzione': conversione da 'float' a 'int'. Possibile perdita di dati.
C:\Users\dacco\source\repos\CellZonesEvolutions\CellZonesEvolutions\main.c(314,86): warning C4244: 'funzione': conversione da 'float' a 'int'. Possibile perdita di dati.
C:\Users\dacco\source\repos\CellZonesEvolutions\CellZonesEvolutions\main.c(314,110): warning C4244: 'funzione': conversione da 'float' a 'int'. Possibile perdita di dati.
C:\Users\dacco\source\repos\CellZonesEvolutions\CellZonesEvolutions\main.c(327,54): warning C4244: 'funzione': conversione da 'float' a 'int'. Possibile perdita di dati.
C:\Users\dacco\source\repos\CellZonesEvolutions\CellZonesEvolutions\main.c(327,109): warning C4244: 'funzione': conversione da 'float' a 'int'. Possibile perdita di dati.
C:\Users\dacco\source\repos\CellZonesEvolutions\CellZonesEvolutions\main.c(331,23): warning C4244: 'funzione': conversione da 'float' a 'int'. Possibile perdita di dati.
C:\Users\dacco\source\repos\CellZonesEvolutions\CellZonesEvolutions\main.c(332,47): warning C4244: 'funzione': conversione da 'float' a 'int'. Possibile perdita di dati.
C:\Users\dacco\source\repos\CellZonesEvolutions\CellZonesEvolutions\main.c(332,73): warning C4244: 'funzione': conversione da 'float' a 'int'. Possibile perdita di dati.
C:\Users\dacco\source\repos\CellZonesEvolutions\CellZonesEvolutions\main.c(397,24): warning C4098: 'find_Nearby_Plants': la funzione 'void' restituisce un valore
C:\Users\dacco\source\repos\CellZonesEvolutions\CellZonesEvolutions\main.c(404,24): warning C4244: '=': conversione da 'float' a 'int'. Possibile perdita di dati.
C:\Users\dacco\source\repos\CellZonesEvolutions\CellZonesEvolutions\main.c(409,29): warning C4047: '==': 'int' differisce da 'void *' nei livelli di riferimento indiretto
C:\Users\dacco\source\repos\CellZonesEvolutions\CellZonesEvolutions\main.c(420,29): warning C4244: '=': conversione da 'int' a 'float'. Possibile perdita di dati.
C:\Users\dacco\source\repos\CellZonesEvolutions\CellZonesEvolutions\main.c(392,9): warning C4047: 'inizializzazione': 'int' differisce da 'void *' nei livelli di riferimento indiretto
C:\Users\dacco\source\repos\CellZonesEvolutions\CellZonesEvolutions\main.c(393,9): warning C4047: 'inizializzazione': 'int' differisce da 'void *' nei livelli di riferimento indiretto
C:\Users\dacco\source\repos\CellZonesEvolutions\CellZonesEvolutions\main.c(394,20): warning C4244: 'inizializzazione': conversione da 'float' a 'int'. Possibile perdita di dati.
C:\Users\dacco\source\repos\CellZonesEvolutions\CellZonesEvolutions\main.c(437,24): warning C4098: 'find_Nearby_Entities': la funzione 'void' restituisce un valore
C:\Users\dacco\source\repos\CellZonesEvolutions\CellZonesEvolutions\main.c(447,24): warning C4244: '=': conversione da 'float' a 'int'. Possibile perdita di dati.
C:\Users\dacco\source\repos\CellZonesEvolutions\CellZonesEvolutions\main.c(462,29): warning C4047: '==': 'int' differisce da 'void *' nei livelli di riferimento indiretto
C:\Users\dacco\source\repos\CellZonesEvolutions\CellZonesEvolutions\main.c(476,28): warning C4244: '=': conversione da 'int' a 'float'. Possibile perdita di dati.
C:\Users\dacco\source\repos\CellZonesEvolutions\CellZonesEvolutions\main.c(432,9): warning C4047: 'inizializzazione': 'int' differisce da 'void *' nei livelli di riferimento indiretto
C:\Users\dacco\source\repos\CellZonesEvolutions\CellZonesEvolutions\main.c(433,27): warning C4244: 'inizializzazione': conversione da 'float' a 'int'. Possibile perdita di dati.
C:\Users\dacco\source\repos\CellZonesEvolutions\CellZonesEvolutions\main.c(434,20): warning C4244: 'inizializzazione': conversione da 'float' a 'int'. Possibile perdita di dati.
C:\Users\dacco\source\repos\CellZonesEvolutions\CellZonesEvolutions\main.c(553,112): warning C4244: 'funzione': conversione da 'double' a 'float'. Possibile perdita di dati.
C:\Users\dacco\source\repos\CellZonesEvolutions\CellZonesEvolutions\main.c(557,34): warning C4047: '!=': 'int' differisce da 'void *' nei livelli di riferimento indiretto
C:\Users\dacco\source\repos\CellZonesEvolutions\CellZonesEvolutions\main.c(567,64): warning C4305: '-=': troncamento da 'double' a 'float'
C:\Users\dacco\source\repos\CellZonesEvolutions\CellZonesEvolutions\main.c(568,93): warning C4244: '+=': conversione da 'double' a 'float'. Possibile perdita di dati.
C:\Users\dacco\source\repos\CellZonesEvolutions\CellZonesEvolutions\main.c(606,103): warning C4244: 'inizializzazione': conversione da 'int' a 'float'. Possibile perdita di dati.
C:\Users\dacco\source\repos\CellZonesEvolutions\CellZonesEvolutions\main.c(606,135): warning C4244: 'inizializzazione': conversione da 'int' a 'float'. Possibile perdita di dati.
C:\Users\dacco\source\repos\CellZonesEvolutions\CellZonesEvolutions\main.c(630,13): warning C4013: 'memcpy' non definita. Verrà considerata come esterna che restituisce un int.
C:\Users\dacco\source\repos\CellZonesEvolutions\CellZonesEvolutions\main.c(638,476): warning C4244: 'inizializzazione': conversione da 'int' a 'float'. Possibile perdita di dati.
C:\Users\dacco\source\repos\CellZonesEvolutions\CellZonesEvolutions\main.c(638,500): warning C4244: 'inizializzazione': conversione da 'int' a 'float'. Possibile perdita di dati.
C:\Users\dacco\source\repos\CellZonesEvolutions\CellZonesEvolutions\main.c(506,67): warning C4244: 'inizializzazione': conversione da 'double' a 'float'. Possibile perdita di dati.
C:\Users\dacco\source\repos\CellZonesEvolutions\CellZonesEvolutions\main.c(534,13): warning C4047: 'inizializzazione': 'int' differisce da 'void *' nei livelli di riferimento indiretto
C:\Users\dacco\source\repos\CellZonesEvolutions\CellZonesEvolutions\main.c(535,13): warning C4047: 'inizializzazione': 'int' differisce da 'void *' nei livelli di riferimento indiretto
C:\Users\dacco\source\repos\CellZonesEvolutions\CellZonesEvolutions\main.c(666,53): warning C4305: 'funzione': troncamento da 'double' a 'float'
C:\Users\dacco\source\repos\CellZonesEvolutions\CellZonesEvolutions\main.c(666,58): warning C4305: 'funzione': troncamento da 'double' a 'float'
C:\Users\dacco\source\repos\CellZonesEvolutions\CellZonesEvolutions\main.c(666,66): warning C4305: 'funzione': troncamento da 'double' a 'float'
C:\Users\dacco\source\repos\CellZonesEvolutions\CellZonesEvolutions\main.c(666,71): warning C4305: 'funzione': troncamento da 'double' a 'float'
C:\Users\dacco\source\repos\CellZonesEvolutions\CellZonesEvolutions\main.c(666,79): warning C4305: 'funzione': troncamento da 'double' a 'float'
C:\Users\dacco\source\repos\CellZonesEvolutions\CellZonesEvolutions\main.c(669,30): warning C4305: '=': troncamento da 'double' a 'float'
C:\Users\dacco\source\repos\CellZonesEvolutions\CellZonesEvolutions\main.c(680,61): warning C4305: 'funzione': troncamento da 'double' a 'float'
C:\Users\dacco\source\repos\CellZonesEvolutions\CellZonesEvolutions\main.c(680,69): warning C4305: 'funzione': troncamento da 'double' a 'float'
C:\Users\dacco\source\repos\CellZonesEvolutions\CellZonesEvolutions\main.c(680,79): warning C4305: 'funzione': troncamento da 'double' a 'float'
C:\Users\dacco\source\repos\CellZonesEvolutions\CellZonesEvolutions\main.c(695,58): warning C4305: 'funzione': troncamento da 'double' a 'float'
C:\Users\dacco\source\repos\CellZonesEvolutions\CellZonesEvolutions\main.c(695,67): warning C4305: 'funzione': troncamento da 'double' a 'float'
C:\Users\dacco\source\repos\CellZonesEvolutions\CellZonesEvolutions\main.c(695,75): warning C4305: 'funzione': troncamento da 'double' a 'float'
C:\Users\dacco\source\repos\CellZonesEvolutions\CellZonesEvolutions\main.c(695,85): warning C4305: 'funzione': troncamento da 'double' a 'float'
C:\Users\dacco\source\repos\CellZonesEvolutions\CellZonesEvolutions\main.c(709,56): warning C4305: 'funzione': troncamento da 'double' a 'float'
C:\Users\dacco\source\repos\CellZonesEvolutions\CellZonesEvolutions\main.c(709,74): warning C4305: 'funzione': troncamento da 'double' a 'float'
C:\Users\dacco\source\repos\CellZonesEvolutions\CellZonesEvolutions\main.c(709,88): warning C4305: 'funzione': troncamento da 'double' a 'float'
C:\Users\dacco\source\repos\CellZonesEvolutions\CellZonesEvolutions\main.c(723,51): warning C4305: 'funzione': troncamento da 'double' a 'float'
C:\Users\dacco\source\repos\CellZonesEvolutions\CellZonesEvolutions\main.c(723,68): warning C4305: 'funzione': troncamento da 'double' a 'float'
C:\Users\dacco\source\repos\CellZonesEvolutions\CellZonesEvolutions\main.c(723,82): warning C4305: 'funzione': troncamento da 'double' a 'float'
C:\Users\dacco\source\repos\CellZonesEvolutions\CellZonesEvolutions\main.c(765,55): warning C4244: 'funzione': conversione da 'float' a 'int'. Possibile perdita di dati.
C:\Users\dacco\source\repos\CellZonesEvolutions\CellZonesEvolutions\main.c(766,55): warning C4244: 'funzione': conversione da 'float' a 'int'. Possibile perdita di dati.
C:\Users\dacco\source\repos\CellZonesEvolutions\CellZonesEvolutions\main.c(805,90): warning C4244: 'inizializzazione': conversione da 'int' a 'float'. Possibile perdita di dati.
C:\Users\dacco\source\repos\CellZonesEvolutions\CellZonesEvolutions\main.c(805,98): warning C4244: 'inizializzazione': conversione da 'int' a 'float'. Possibile perdita di dati.
C:\Users\dacco\source\repos\CellZonesEvolutions\CellZonesEvolutions\main.c(182,1): warning C4715: 'instantiate_Terrain': non tutti i percorsi di controllo restituiscono un valore
  CellZonesEvolutions.vcxproj -> C:\Users\dacco\source\repos\CellZonesEvolutions\Debug\CellZonesEvolutions.exe
